<?xml version="1.0" encoding="UTF-8"?>
<!-- Generated by org.testng.reporters.JUnitReportReporter -->
<testsuite hostname="LT-IT-025" failures="0" tests="3" name="Tests.SubmitOrderTest" time="42.731" errors="0" timestamp="2023-02-28T20:18:03 CET" skipped="0">
  <testcase classname="Tests.SubmitOrderTest" name="OrderHistoryTest" time="5.033"/>
  <system-out/>
  <testcase classname="Tests.SubmitOrderTest" name="SubmitOrderTest" time="20.955"/>
  <system-out/>
  <testcase classname="Tests.SubmitOrderTest" name="SubmitOrderTest" time="16.743"/>
  <system-out/>
</testsuite> <!-- Tests.SubmitOrderTest -->
