<?xml version="1.0" encoding="UTF-8"?>
<!-- Generated by org.testng.reporters.JUnitReportReporter -->
<testsuite hostname="LT-IT-025" failures="0" tests="3" name="Tests.SubmitOrderTest" time="38.547" errors="0" timestamp="2023-03-03T11:49:57 CET" skipped="0">
  <testcase classname="Tests.SubmitOrderTest" name="SubmitOrderTest" time="15.954"/>
  <system-out/>
  <testcase classname="Tests.SubmitOrderTest" name="OrderHistoryTest" time="6.778"/>
  <system-out/>
  <testcase classname="Tests.SubmitOrderTest" name="SubmitOrderTest" time="15.815"/>
  <system-out/>
</testsuite> <!-- Tests.SubmitOrderTest -->
