<?xml version="1.0" encoding="UTF-8"?>
<!-- Generated by org.testng.reporters.JUnitReportReporter -->
<testsuite hostname="LT-IT-025" failures="0" tests="3" name="Tests.SubmitOrderTest" time="40.451" errors="0" timestamp="2023-03-03T21:57:57 CET" skipped="0">
  <testcase classname="Tests.SubmitOrderTest" name="OrderHistoryTest" time="8.171"/>
  <system-out/>
  <testcase classname="Tests.SubmitOrderTest" name="SubmitOrderTest" time="16.160"/>
  <system-out/>
  <testcase classname="Tests.SubmitOrderTest" name="SubmitOrderTest" time="16.120"/>
  <system-out/>
</testsuite> <!-- Tests.SubmitOrderTest -->
