<?xml version="1.0" encoding="UTF-8"?>
<!-- Generated by org.testng.reporters.JUnitReportReporter -->
<testsuite hostname="LT-IT-025" failures="0" tests="2" name="Tests.ErrorValidationsTest" time="22.570" errors="0" timestamp="2023-03-03T11:49:57 CET" skipped="0">
  <testcase classname="Tests.ErrorValidationsTest" name="ProductErrorValidation" time="18.177"/>
  <system-out/>
  <testcase classname="Tests.ErrorValidationsTest" name="LoginErrorValidation" time="4.393"/>
  <system-out/>
</testsuite> <!-- Tests.ErrorValidationsTest -->
