<?xml version="1.0" encoding="UTF-8"?>
<!-- Generated by org.testng.reporters.JUnitReportReporter -->
<testsuite hostname="LT-IT-025" failures="0" tests="3" name="Tests.ErrorValidationsTest" time="52.223" errors="0" timestamp="2023-03-04T09:41:25 CET" skipped="1">
  <testcase classname="Tests.ErrorValidationsTest" name="ProductErrorValidation" time="20.338"/>
  <system-out/>
  <testcase classname="Tests.ErrorValidationsTest" name="LoginErrorValidation" time="26.728">
    <skipped/>
  </testcase> <!-- LoginErrorValidation -->
  <system-out/>
  <testcase classname="Tests.ErrorValidationsTest" name="LoginErrorValidation" time="5.157"/>
  <system-out/>
</testsuite> <!-- Tests.ErrorValidationsTest -->
