<?xml version="1.0" encoding="UTF-8"?>
<!-- Generated by org.testng.reporters.JUnitReportReporter -->
<testsuite hostname="LT-IT-025" failures="0" tests="3" name="Tests.SubmitOrderTest" time="44.405" errors="0" timestamp="2023-03-04T09:41:25 CET" skipped="0">
  <testcase classname="Tests.SubmitOrderTest" name="SubmitOrderTest" time="17.419"/>
  <system-out/>
  <testcase classname="Tests.SubmitOrderTest" name="SubmitOrderTest" time="17.843"/>
  <system-out/>
  <testcase classname="Tests.SubmitOrderTest" name="OrderHistoryTest" time="9.143"/>
  <system-out/>
</testsuite> <!-- Tests.SubmitOrderTest -->
